This is pdfTeX, Version 3.141592653-2.6-1.40.22 (TeX Live 2021) (preloaded format=pdflatex 2021.6.29)  23 JAN 2026 02:59
entering extended mode
 restricted \write18 enabled.
 %&-line parsing enabled.
**qr_report.tex
(./qr_report.tex
LaTeX2e <2021-06-01> patch level 1
L3 programming layer <2021-06-18>
(/home2/modules/texlive/2021/texmf-dist/tex/latex/base/article.cls
Document Class: article 2021/02/12 v1.4n Standard LaTeX document class
(/home2/modules/texlive/2021/texmf-dist/tex/latex/base/size11.clo
File: size11.clo 2021/02/12 v1.4n Standard LaTeX file (size option)
)
\c@part=\count182
\c@section=\count183
\c@subsection=\count184
\c@subsubsection=\count185
\c@paragraph=\count186
\c@subparagraph=\count187
\c@figure=\count188
\c@table=\count189
\abovecaptionskip=\skip47
\belowcaptionskip=\skip48
\bibindent=\dimen138
)
(/home2/modules/texlive/2021/texmf-dist/tex/latex/base/inputenc.sty
Package: inputenc 2021/02/14 v1.3d Input encoding file
\inpenc@prehook=\toks16
\inpenc@posthook=\toks17
)
(/home2/modules/texlive/2021/texmf-dist/tex/latex/base/fontenc.sty
Package: fontenc 2021/04/29 v2.0v Standard LaTeX package
)
(/home2/modules/texlive/2021/texmf-dist/tex/latex/amsmath/amsmath.sty
Package: amsmath 2021/04/20 v2.17j AMS math features
\@mathmargin=\skip49

For additional information on amsmath, use the `?' option.
(/home2/modules/texlive/2021/texmf-dist/tex/latex/amsmath/amstext.sty
Package: amstext 2000/06/29 v2.01 AMS text

(/home2/modules/texlive/2021/texmf-dist/tex/latex/amsmath/amsgen.sty
File: amsgen.sty 1999/11/30 v2.0 generic functions
\@emptytoks=\toks18
\ex@=\dimen139
))
(/home2/modules/texlive/2021/texmf-dist/tex/latex/amsmath/amsbsy.sty
Package: amsbsy 1999/11/29 v1.2d Bold Symbols
\pmbraise@=\dimen140
)
(/home2/modules/texlive/2021/texmf-dist/tex/latex/amsmath/amsopn.sty
Package: amsopn 2016/03/08 v2.02 operator names
)
\inf@bad=\count190
LaTeX Info: Redefining \frac on input line 234.
\uproot@=\count191
\leftroot@=\count192
LaTeX Info: Redefining \overline on input line 399.
\classnum@=\count193
\DOTSCASE@=\count194
LaTeX Info: Redefining \ldots on input line 496.
LaTeX Info: Redefining \dots on input line 499.
LaTeX Info: Redefining \cdots on input line 620.
\Mathstrutbox@=\box50
\strutbox@=\box51
\big@size=\dimen141
LaTeX Font Info:    Redeclaring font encoding OML on input line 743.
LaTeX Font Info:    Redeclaring font encoding OMS on input line 744.
\macc@depth=\count195
\c@MaxMatrixCols=\count196
\dotsspace@=\muskip16
\c@parentequation=\count197
\dspbrk@lvl=\count198
\tag@help=\toks19
\row@=\count199
\column@=\count266
\maxfields@=\count267
\andhelp@=\toks20
\eqnshift@=\dimen142
\alignsep@=\dimen143
\tagshift@=\dimen144
\tagwidth@=\dimen145
\totwidth@=\dimen146
\lineht@=\dimen147
\@envbody=\toks21
\multlinegap=\skip50
\multlinetaggap=\skip51
\mathdisplay@stack=\toks22
LaTeX Info: Redefining \[ on input line 2923.
LaTeX Info: Redefining \] on input line 2924.
)
(/home2/modules/texlive/2021/texmf-dist/tex/latex/amsfonts/amssymb.sty
Package: amssymb 2013/01/14 v3.01 AMS font symbols

(/home2/modules/texlive/2021/texmf-dist/tex/latex/amsfonts/amsfonts.sty
Package: amsfonts 2013/01/14 v3.01 Basic AMSFonts support
\symAMSa=\mathgroup4
\symAMSb=\mathgroup5
LaTeX Font Info:    Redeclaring math symbol \hbar on input line 98.
LaTeX Font Info:    Overwriting math alphabet `\mathfrak' in version `bold'
(Font)                  U/euf/m/n --> U/euf/b/n on input line 106.
))
(/home2/modules/texlive/2021/texmf-dist/tex/latex/amscls/amsthm.sty
Package: amsthm 2020/05/29 v2.20.6
\thm@style=\toks23
\thm@bodyfont=\toks24
\thm@headfont=\toks25
\thm@notefont=\toks26
\thm@headpunct=\toks27
\thm@preskip=\skip52
\thm@postskip=\skip53
\thm@headsep=\skip54
\dth@everypar=\toks28
)
(/home2/modules/texlive/2021/texmf-dist/tex/latex/graphics/graphicx.sty
Package: graphicx 2020/12/05 v1.2c Enhanced LaTeX Graphics (DPC,SPQR)

(/home2/modules/texlive/2021/texmf-dist/tex/latex/graphics/keyval.sty
Package: keyval 2014/10/28 v1.15 key=value parser (DPC)
\KV@toks@=\toks29
)
(/home2/modules/texlive/2021/texmf-dist/tex/latex/graphics/graphics.sty
Package: graphics 2021/03/04 v1.4d Standard LaTeX Graphics (DPC,SPQR)

(/home2/modules/texlive/2021/texmf-dist/tex/latex/graphics/trig.sty
Package: trig 2016/01/03 v1.10 sin cos tan (DPC)
)
(/home2/modules/texlive/2021/texmf-dist/tex/latex/graphics-cfg/graphics.cfg
File: graphics.cfg 2016/06/04 v1.11 sample graphics configuration
)
Package graphics Info: Driver file: pdftex.def on input line 107.

(/home2/modules/texlive/2021/texmf-dist/tex/latex/graphics-def/pdftex.def
File: pdftex.def 2020/10/05 v1.2a Graphics/color driver for pdftex
))
\Gin@req@height=\dimen148
\Gin@req@width=\dimen149
)
(/home2/modules/texlive/2021/texmf-dist/tex/latex/hyperref/hyperref.sty
Package: hyperref 2021-06-07 v7.00m Hypertext links for LaTeX

(/home2/modules/texlive/2021/texmf-dist/tex/generic/ltxcmds/ltxcmds.sty
Package: ltxcmds 2020-05-10 v1.25 LaTeX kernel commands for general use (HO)
)
(/home2/modules/texlive/2021/texmf-dist/tex/generic/iftex/iftex.sty
Package: iftex 2020/03/06 v1.0d TeX engine tests
)
(/home2/modules/texlive/2021/texmf-dist/tex/generic/pdftexcmds/pdftexcmds.sty
Package: pdftexcmds 2020-06-27 v0.33 Utility functions of pdfTeX for LuaTeX (HO
)

(/home2/modules/texlive/2021/texmf-dist/tex/generic/infwarerr/infwarerr.sty
Package: infwarerr 2019/12/03 v1.5 Providing info/warning/error messages (HO)
)
Package pdftexcmds Info: \pdf@primitive is available.
Package pdftexcmds Info: \pdf@ifprimitive is available.
Package pdftexcmds Info: \pdfdraftmode found.
)
(/home2/modules/texlive/2021/texmf-dist/tex/generic/kvsetkeys/kvsetkeys.sty
Package: kvsetkeys 2019/12/15 v1.18 Key value parser (HO)
)
(/home2/modules/texlive/2021/texmf-dist/tex/generic/kvdefinekeys/kvdefinekeys.s
ty
Package: kvdefinekeys 2019-12-19 v1.6 Define keys (HO)
) (/home2/modules/texlive/2021/texmf-dist/tex/generic/pdfescape/pdfescape.sty
Package: pdfescape 2019/12/09 v1.15 Implements pdfTeX's escape features (HO)
) (/home2/modules/texlive/2021/texmf-dist/tex/latex/hycolor/hycolor.sty
Package: hycolor 2020-01-27 v1.10 Color options for hyperref/bookmark (HO)
)
(/home2/modules/texlive/2021/texmf-dist/tex/latex/letltxmacro/letltxmacro.sty
Package: letltxmacro 2019/12/03 v1.6 Let assignment for LaTeX macros (HO)
)
(/home2/modules/texlive/2021/texmf-dist/tex/latex/auxhook/auxhook.sty
Package: auxhook 2019-12-17 v1.6 Hooks for auxiliary files (HO)
)
(/home2/modules/texlive/2021/texmf-dist/tex/latex/kvoptions/kvoptions.sty
Package: kvoptions 2020-10-07 v3.14 Key value format for package options (HO)
)
\@linkdim=\dimen150
\Hy@linkcounter=\count268
\Hy@pagecounter=\count269

(/home2/modules/texlive/2021/texmf-dist/tex/latex/hyperref/pd1enc.def
File: pd1enc.def 2021-06-07 v7.00m Hyperref: PDFDocEncoding definition (HO)
Now handling font encoding PD1 ...
... no UTF-8 mapping file for font encoding PD1
)
(/home2/modules/texlive/2021/texmf-dist/tex/latex/hyperref/hyperref-langpatches
.def
File: hyperref-langpatches.def 2021-06-07 v7.00m Hyperref: patches for babel la
nguages
) (/home2/modules/texlive/2021/texmf-dist/tex/generic/intcalc/intcalc.sty
Package: intcalc 2019/12/15 v1.3 Expandable calculations with integers (HO)
)
(/home2/modules/texlive/2021/texmf-dist/tex/generic/etexcmds/etexcmds.sty
Package: etexcmds 2019/12/15 v1.7 Avoid name clashes with e-TeX commands (HO)
)
\Hy@SavedSpaceFactor=\count270

(/home2/modules/texlive/2021/texmf-dist/tex/latex/hyperref/puenc.def
File: puenc.def 2021-06-07 v7.00m Hyperref: PDF Unicode definition (HO)
Now handling font encoding PU ...
... no UTF-8 mapping file for font encoding PU
)
Package hyperref Info: Hyper figures OFF on input line 4192.
Package hyperref Info: Link nesting OFF on input line 4197.
Package hyperref Info: Hyper index ON on input line 4200.
Package hyperref Info: Plain pages OFF on input line 4207.
Package hyperref Info: Backreferencing OFF on input line 4212.
Package hyperref Info: Implicit mode ON; LaTeX internals redefined.
Package hyperref Info: Bookmarks ON on input line 4445.
\c@Hy@tempcnt=\count271

(/home2/modules/texlive/2021/texmf-dist/tex/latex/url/url.sty
\Urlmuskip=\muskip17
Package: url 2013/09/16  ver 3.4  Verb mode for urls, etc.
)
LaTeX Info: Redefining \url on input line 4804.
\XeTeXLinkMargin=\dimen151

(/home2/modules/texlive/2021/texmf-dist/tex/generic/bitset/bitset.sty
Package: bitset 2019/12/09 v1.3 Handle bit-vector datatype (HO)

(/home2/modules/texlive/2021/texmf-dist/tex/generic/bigintcalc/bigintcalc.sty
Package: bigintcalc 2019/12/15 v1.5 Expandable calculations on big integers (HO
)
))
\Fld@menulength=\count272
\Field@Width=\dimen152
\Fld@charsize=\dimen153
Package hyperref Info: Hyper figures OFF on input line 6076.
Package hyperref Info: Link nesting OFF on input line 6081.
Package hyperref Info: Hyper index ON on input line 6084.
Package hyperref Info: backreferencing OFF on input line 6091.
Package hyperref Info: Link coloring OFF on input line 6096.
Package hyperref Info: Link coloring with OCG OFF on input line 6101.
Package hyperref Info: PDF/A mode OFF on input line 6106.
LaTeX Info: Redefining \ref on input line 6146.
LaTeX Info: Redefining \pageref on input line 6150.
(/home2/modules/texlive/2021/texmf-dist/tex/latex/base/atbegshi-ltx.sty
Package: atbegshi-ltx 2021/01/10 v1.0c Emulation of the original atbegshi
package with kernel methods
)
\Hy@abspage=\count273
\c@Item=\count274
\c@Hfootnote=\count275
)
Package hyperref Info: Driver (autodetected): hpdftex.

(/home2/modules/texlive/2021/texmf-dist/tex/latex/hyperref/hpdftex.def
File: hpdftex.def 2021-06-07 v7.00m Hyperref driver for pdfTeX

(/home2/modules/texlive/2021/texmf-dist/tex/latex/base/atveryend-ltx.sty
Package: atveryend-ltx 2020/08/19 v1.0a Emulation of the original atvery packag
e
with kernel methods
)
\Fld@listcount=\count276
\c@bookmark@seq@number=\count277

(/home2/modules/texlive/2021/texmf-dist/tex/latex/rerunfilecheck/rerunfilecheck
.sty
Package: rerunfilecheck 2019/12/05 v1.9 Rerun checks for auxiliary files (HO)

(/home2/modules/texlive/2021/texmf-dist/tex/generic/uniquecounter/uniquecounter
.sty
Package: uniquecounter 2019/12/15 v1.4 Provide unlimited unique counter (HO)
)
Package uniquecounter Info: New unique counter `rerunfilecheck' on input line 2
86.
)
\Hy@SectionHShift=\skip55
) (/home2/modules/texlive/2021/texmf-dist/tex/latex/geometry/geometry.sty
Package: geometry 2020/01/02 v5.9 Page Geometry
(/home2/modules/texlive/2021/texmf-dist/tex/generic/iftex/ifvtex.sty
Package: ifvtex 2019/10/25 v1.7 ifvtex legacy package. Use iftex instead.
)
\Gm@cnth=\count278
\Gm@cntv=\count279
\c@Gm@tempcnt=\count280
\Gm@bindingoffset=\dimen154
\Gm@wd@mp=\dimen155
\Gm@odd@mp=\dimen156
\Gm@even@mp=\dimen157
\Gm@layoutwidth=\dimen158
\Gm@layoutheight=\dimen159
\Gm@layouthoffset=\dimen160
\Gm@layoutvoffset=\dimen161
\Gm@dimlist=\toks30
)
(/home2/modules/texlive/2021/texmf-dist/tex/latex/booktabs/booktabs.sty
Package: booktabs 2020/01/12 v1.61803398 Publication quality tables
\heavyrulewidth=\dimen162
\lightrulewidth=\dimen163
\cmidrulewidth=\dimen164
\belowrulesep=\dimen165
\belowbottomsep=\dimen166
\aboverulesep=\dimen167
\abovetopsep=\dimen168
\cmidrulesep=\dimen169
\cmidrulekern=\dimen170
\defaultaddspace=\dimen171
\@cmidla=\count281
\@cmidlb=\count282
\@aboverulesep=\dimen172
\@belowrulesep=\dimen173
\@thisruleclass=\count283
\@lastruleclass=\count284
\@thisrulewidth=\dimen174
)
(/home2/modules/texlive/2021/texmf-dist/tex/latex/algorithms/algorithm.sty
Package: algorithm 2009/08/24 v0.1 Document Style `algorithm' - floating enviro
nment

(/home2/modules/texlive/2021/texmf-dist/tex/latex/float/float.sty
Package: float 2001/11/08 v1.3d Float enhancements (AL)
\c@float@type=\count285
\float@exts=\toks31
\float@box=\box52
\@float@everytoks=\toks32
\@floatcapt=\box53
)
(/home2/modules/texlive/2021/texmf-dist/tex/latex/base/ifthen.sty
Package: ifthen 2020/11/24 v1.1c Standard LaTeX ifthen package (DPC)
)
\@float@every@algorithm=\toks33
\c@algorithm=\count286
)
(/home2/modules/texlive/2021/texmf-dist/tex/latex/algorithmicx/algpseudocode.st
y
Package: algpseudocode 

(/home2/modules/texlive/2021/texmf-dist/tex/latex/algorithmicx/algorithmicx.sty
Package: algorithmicx 2005/04/27 v1.2 Algorithmicx
Document Style algorithmicx 1.2 - a greatly improved `algorithmic' style
\c@ALG@line=\count287
\c@ALG@rem=\count288
\c@ALG@nested=\count289
\ALG@tlm=\skip56
\ALG@thistlm=\skip57
\c@ALG@Lnr=\count290
\c@ALG@blocknr=\count291
\c@ALG@storecount=\count292
\c@ALG@tmpcounter=\count293
\ALG@tmplength=\skip58
)
Document Style - pseudocode environments for use with the `algorithmicx' style
)
(/home2/modules/texlive/2021/texmf-dist/tex/latex/l3backend/l3backend-pdftex.de
f
File: l3backend-pdftex.def 2021-05-07 L3 backend support: PDF output (pdfTeX)
\l__color_backend_stack_int=\count294
\l__pdf_internal_box=\box54
) (./qr_report.aux)
\openout1 = `qr_report.aux'.

LaTeX Font Info:    Checking defaults for OML/cmm/m/it on input line 17.
LaTeX Font Info:    ... okay on input line 17.
LaTeX Font Info:    Checking defaults for OMS/cmsy/m/n on input line 17.
LaTeX Font Info:    ... okay on input line 17.
LaTeX Font Info:    Checking defaults for OT1/cmr/m/n on input line 17.
LaTeX Font Info:    ... okay on input line 17.
LaTeX Font Info:    Checking defaults for T1/cmr/m/n on input line 17.
LaTeX Font Info:    ... okay on input line 17.
LaTeX Font Info:    Checking defaults for TS1/cmr/m/n on input line 17.
LaTeX Font Info:    ... okay on input line 17.
LaTeX Font Info:    Checking defaults for OMX/cmex/m/n on input line 17.
LaTeX Font Info:    ... okay on input line 17.
LaTeX Font Info:    Checking defaults for U/cmr/m/n on input line 17.
LaTeX Font Info:    ... okay on input line 17.
LaTeX Font Info:    Checking defaults for PD1/pdf/m/n on input line 17.
LaTeX Font Info:    ... okay on input line 17.
LaTeX Font Info:    Checking defaults for PU/pdf/m/n on input line 17.
LaTeX Font Info:    ... okay on input line 17.

(/home2/modules/texlive/2021/texmf-dist/tex/context/base/mkii/supp-pdf.mkii
[Loading MPS to PDF converter (version 2006.09.02).]
\scratchcounter=\count295
\scratchdimen=\dimen175
\scratchbox=\box55
\nofMPsegments=\count296
\nofMParguments=\count297
\everyMPshowfont=\toks34
\MPscratchCnt=\count298
\MPscratchDim=\dimen176
\MPnumerator=\count299
\makeMPintoPDFobject=\count300
\everyMPtoPDFconversion=\toks35
)
(/home2/modules/texlive/2021/texmf-dist/tex/latex/epstopdf-pkg/epstopdf-base.st
y
Package: epstopdf-base 2020-01-24 v2.11 Base part for package epstopdf
Package epstopdf-base Info: Redefining graphics rule for `.eps' on input line 4
85.

(/home2/modules/texlive/2021/texmf-dist/tex/latex/latexconfig/epstopdf-sys.cfg
File: epstopdf-sys.cfg 2010/07/13 v1.3 Configuration of (r)epstopdf for TeX Liv
e
))
Package hyperref Info: Link coloring OFF on input line 17.
 (/home2/modules/texlive/2021/texmf-dist/tex/latex/hyperref/nameref.sty
Package: nameref 2021-04-02 v2.47 Cross-referencing by name of section

(/home2/modules/texlive/2021/texmf-dist/tex/latex/refcount/refcount.sty
Package: refcount 2019/12/15 v3.6 Data extraction from label references (HO)
)
(/home2/modules/texlive/2021/texmf-dist/tex/generic/gettitlestring/gettitlestri
ng.sty
Package: gettitlestring 2019/12/15 v1.6 Cleanup title references (HO)
)
\c@section@level=\count301
)
LaTeX Info: Redefining \ref on input line 17.
LaTeX Info: Redefining \pageref on input line 17.
LaTeX Info: Redefining \nameref on input line 17.
 (./qr_report.out) (./qr_report.out)
\@outlinefile=\write3
\openout3 = `qr_report.out'.


*geometry* driver: auto-detecting
*geometry* detected driver: pdftex
*geometry* verbose mode - [ preamble ] result:
* driver: pdftex
* paper: a4paper
* layout: <same size as paper>
* layoutoffset:(h,v)=(0.0pt,0.0pt)
* modes: 
* h-part:(L,W,R)=(71.13188pt, 455.24411pt, 71.13188pt)
* v-part:(T,H,B)=(71.13188pt, 702.78308pt, 71.13188pt)
* \paperwidth=597.50787pt
* \paperheight=845.04684pt
* \textwidth=455.24411pt
* \textheight=702.78308pt
* \oddsidemargin=-1.1381pt
* \evensidemargin=-1.1381pt
* \topmargin=-38.1381pt
* \headheight=12.0pt
* \headsep=25.0pt
* \topskip=11.0pt
* \footskip=30.0pt
* \marginparwidth=50.0pt
* \marginparsep=10.0pt
* \columnsep=10.0pt
* \skip\footins=10.0pt plus 4.0pt minus 2.0pt
* \hoffset=0.0pt
* \voffset=0.0pt
* \mag=1000
* \@twocolumnfalse
* \@twosidefalse
* \@mparswitchfalse
* \@reversemarginfalse
* (1in=72.27pt=25.4mm, 1cm=28.453pt)

LaTeX Font Info:    Trying to load font information for U+msa on input line 20.

(/home2/modules/texlive/2021/texmf-dist/tex/latex/amsfonts/umsa.fd
File: umsa.fd 2013/01/14 v3.01 AMS symbols A
)
LaTeX Font Info:    Trying to load font information for U+msb on input line 20.


(/home2/modules/texlive/2021/texmf-dist/tex/latex/amsfonts/umsb.fd
File: umsb.fd 2013/01/14 v3.01 AMS symbols B
)

LaTeX Warning: No \author given.

[1

{/home2/modules/texlive/2021/texmf-var/fonts/map/pdftex/updmap/pdftex.map}]
<figures/dt_distribution_emp_vs_qr_exp.pdf, id=89, 499.24329pt x 284.01796pt>
File: figures/dt_distribution_emp_vs_qr_exp.pdf Graphic file (type pdf)
<use figures/dt_distribution_emp_vs_qr_exp.pdf>
Package pdftex.def Info: figures/dt_distribution_emp_vs_qr_exp.pdf  used on inp
ut line 110.
(pdftex.def)             Requested size: 364.19667pt x 207.19704pt.

[2]
<figures/dt_distribution_emp_vs_qr_gmm.pdf, id=103, 499.24329pt x 284.01796pt>
File: figures/dt_distribution_emp_vs_qr_gmm.pdf Graphic file (type pdf)
<use figures/dt_distribution_emp_vs_qr_gmm.pdf>
Package pdftex.def Info: figures/dt_distribution_emp_vs_qr_gmm.pdf  used on inp
ut line 118.
(pdftex.def)             Requested size: 364.19667pt x 207.19704pt.
<figures/event_type_distribution_emp_vs_qr.pdf, id=104, 570.58984pt x 280.18976
pt>
File: figures/event_type_distribution_emp_vs_qr.pdf Graphic file (type pdf)
<use figures/event_type_distribution_emp_vs_qr.pdf>
Package pdftex.def Info: figures/event_type_distribution_emp_vs_qr.pdf  used on
 input line 126.
(pdftex.def)             Requested size: 364.19667pt x 178.84627pt.
 [3pdfTeX warning (ext4): destination with the same identifier (name{figure.1})
 has been already used, duplicate ignored
<argument> ...shipout:D \box_use:N \l_shipout_box 
                                                  \__shipout_drop_firstpage_...
l.129 
      pdfTeX warning (ext4): destination with the same identifier (name{figure.
2}) has been already used, duplicate ignored
<argument> ...shipout:D \box_use:N \l_shipout_box 
                                                  \__shipout_drop_firstpage_...
l.129 
       <./figures/dt_distribution_emp_vs_qr_exp.pdf> <./figures/dt_distribution
_emp_vs_qr_gmm.pdf>]
<figures/imbalance_distribution_emp_vs_qr.pdf, id=220, 570.64946pt x 280.0751pt
>
File: figures/imbalance_distribution_emp_vs_qr.pdf Graphic file (type pdf)
<use figures/imbalance_distribution_emp_vs_qr.pdf>
Package pdftex.def Info: figures/imbalance_distribution_emp_vs_qr.pdf  used on 
input line 132.
(pdftex.def)             Requested size: 364.19667pt x 178.75171pt.
<figures/spread_distribution_before_trades_emp_vs_qr.pdf, id=221, 570.58984pt x
 280.0751pt>
File: figures/spread_distribution_before_trades_emp_vs_qr.pdf Graphic file (typ
e pdf)
<use figures/spread_distribution_before_trades_emp_vs_qr.pdf>
Package pdftex.def Info: figures/spread_distribution_before_trades_emp_vs_qr.pd
f  used on input line 138.
(pdftex.def)             Requested size: 364.19667pt x 178.77307pt.
<figures/queue_size_distribution_emp_vs_qr.pdf, id=222, 1004.26945pt x 279.5079
8pt>
File: figures/queue_size_distribution_emp_vs_qr.pdf Graphic file (type pdf)
<use figures/queue_size_distribution_emp_vs_qr.pdf>
Package pdftex.def Info: figures/queue_size_distribution_emp_vs_qr.pdf  used on
 input line 144.
(pdftex.def)             Requested size: 364.19667pt x 101.36063pt.
 [4pdfTeX warning (ext4): destination with the same identifier (name{figure.3})
 has been already used, duplicate ignored
<argument> ...shipout:D \box_use:N \l_shipout_box 
                                                  \__shipout_drop_firstpage_...
l.147 
      pdfTeX warning (ext4): destination with the same identifier (name{figure.
4}) has been already used, duplicate ignored
<argument> ...shipout:D \box_use:N \l_shipout_box 
                                                  \__shipout_drop_firstpage_...
l.147 
      pdfTeX warning (ext4): destination with the same identifier (name{figure.
5}) has been already used, duplicate ignored
<argument> ...shipout:D \box_use:N \l_shipout_box 
                                                  \__shipout_drop_firstpage_...
l.147 
       <./figures/event_type_distribution_emp_vs_qr.pdf> <./figures/imbalance_d
istribution_emp_vs_qr.pdf> <./figures/spread_distribution_before_trades_emp_vs_
qr.pdf>]
<figures/nb_daily_events_distribution_emp_vs_qr.pdf, id=371, 569.03215pt x 279.
36873pt>
File: figures/nb_daily_events_distribution_emp_vs_qr.pdf Graphic file (type pdf
)
<use figures/nb_daily_events_distribution_emp_vs_qr.pdf>
Package pdftex.def Info: figures/nb_daily_events_distribution_emp_vs_qr.pdf  us
ed on input line 150.
(pdftex.def)             Requested size: 364.19667pt x 178.81241pt.
<figures/hourly_traded_volume_distribution_emp_vs_qr.pdf, id=372, 570.731pt x 2
79.36873pt>
File: figures/hourly_traded_volume_distribution_emp_vs_qr.pdf Graphic file (typ
e pdf)
<use figures/hourly_traded_volume_distribution_emp_vs_qr.pdf>
Package pdftex.def Info: figures/hourly_traded_volume_distribution_emp_vs_qr.pd
f  used on input line 156.
(pdftex.def)             Requested size: 364.19667pt x 178.27103pt.
<figures/5min_vol_daily_distribution_emp_vs_qr.pdf, id=373, 570.64946pt x 279.3
6873pt>
File: figures/5min_vol_daily_distribution_emp_vs_qr.pdf Graphic file (type pdf)

<use figures/5min_vol_daily_distribution_emp_vs_qr.pdf>
Package pdftex.def Info: figures/5min_vol_daily_distribution_emp_vs_qr.pdf  use
d on input line 162.
(pdftex.def)             Requested size: 364.19667pt x 178.30087pt.
 [5pdfTeX warning (ext4): destination with the same identifier (name{figure.6})
 has been already used, duplicate ignored
<argument> ...shipout:D \box_use:N \l_shipout_box 
                                                  \__shipout_drop_firstpage_...
l.165 
      pdfTeX warning (ext4): destination with the same identifier (name{figure.
7}) has been already used, duplicate ignored
<argument> ...shipout:D \box_use:N \l_shipout_box 
                                                  \__shipout_drop_firstpage_...
l.165 
      pdfTeX warning (ext4): destination with the same identifier (name{figure.
8}) has been already used, duplicate ignored
<argument> ...shipout:D \box_use:N \l_shipout_box 
                                                  \__shipout_drop_firstpage_...
l.165 
       <./figures/queue_size_distribution_emp_vs_qr.pdf> <./figures/nb_daily_ev
ents_distribution_emp_vs_qr.pdf> <./figures/hourly_traded_volume_distribution_e
mp_vs_qr.pdf>]
<figures/eta_distribution_emp_vs_qr.pdf, id=545, 569.75482pt x 278.8016pt>
File: figures/eta_distribution_emp_vs_qr.pdf Graphic file (type pdf)
<use figures/eta_distribution_emp_vs_qr.pdf>
Package pdftex.def Info: figures/eta_distribution_emp_vs_qr.pdf  used on input 
line 184.
(pdftex.def)             Requested size: 364.19667pt x 178.21545pt.
 [6pdfTeX warning (ext4): destination with the same identifier (name{figure.9})
 has been already used, duplicate ignored
<argument> ...shipout:D \box_use:N \l_shipout_box 
                                                  \__shipout_drop_firstpage_...
l.194 I
       n the standard QR model, the price on average doesn't move---there is...
pdfTeX warning (ext4): destination with the same identifier (name{figure.10}) h
as been already used, duplicate ignored
<argument> ...shipout:D \box_use:N \l_shipout_box 
                                                  \__shipout_drop_firstpage_...
l.194 I
       n the standard QR model, the price on average doesn't move---there is...
 <./figures/5min_vol_daily_distribution_emp_vs_qr.pdf> <./figures/eta_distribut
ion_emp_vs_qr.pdf>]
<figures/no_impact_metaorder.pdf, id=672, 875.52719pt x 323.15105pt>
File: figures/no_impact_metaorder.pdf Graphic file (type pdf)
<use figures/no_impact_metaorder.pdf>
Package pdftex.def Info: figures/no_impact_metaorder.pdf  used on input line 19
8.
(pdftex.def)             Requested size: 409.71692pt x 151.22519pt.
<figures/ema_impact_metaorder.pdf, id=673, 875.52719pt x 323.15105pt>
File: figures/ema_impact_metaorder.pdf Graphic file (type pdf)
<use figures/ema_impact_metaorder.pdf>
Package pdftex.def Info: figures/ema_impact_metaorder.pdf  used on input line 2
21.
(pdftex.def)             Requested size: 409.71692pt x 151.22519pt.
 [7pdfTeX warning (ext4): destination with the same identifier (name{figure.11}
) has been already used, duplicate ignored
<argument> ...shipout:D \box_use:N \l_shipout_box 
                                                  \__shipout_drop_firstpage_...
l.224 
       <./figures/no_impact_metaorder.pdf>]
<../figures/dt_hist.png, id=728, 2594.493pt x 1148.1294pt>
File: ../figures/dt_hist.png Graphic file (type png)
<use ../figures/dt_hist.png>
Package pdftex.def Info: ../figures/dt_hist.png  used on input line 257.
(pdftex.def)             Requested size: 364.19667pt x 161.15747pt.
 [8pdfTeX warning (ext4): destination with the same identifier (name{figure.12}
) has been already used, duplicate ignored
<argument> ...shipout:D \box_use:N \l_shipout_box 
                                                  \__shipout_drop_firstpage_...
l.262 
      pdfTeX warning (ext4): destination with the same identifier (name{figure.
13}) has been already used, duplicate ignored
<argument> ...shipout:D \box_use:N \l_shipout_box 
                                                  \__shipout_drop_firstpage_...
l.262 
       <./figures/ema_impact_metaorder.pdf> <../figures/dt_hist.png>]
<../figures/dt_hist_zoomed.png, id=783, 2594.493pt x 1148.1294pt>
File: ../figures/dt_hist_zoomed.png Graphic file (type png)
<use ../figures/dt_hist_zoomed.png>
Package pdftex.def Info: ../figures/dt_hist_zoomed.png  used on input line 265.

(pdftex.def)             Requested size: 364.19667pt x 161.15747pt.
<../figures/peak_fit.png, id=784, 496.254pt x 394.5942pt>
File: ../figures/peak_fit.png Graphic file (type png)
<use ../figures/peak_fit.png>
Package pdftex.def Info: ../figures/peak_fit.png  used on input line 273.
(pdftex.def)             Requested size: 318.66948pt x 253.38837pt.
<../figures/mixture_fit.png, id=785, 1437.6912pt x 1418.901pt>
File: ../figures/mixture_fit.png Graphic file (type png)
<use ../figures/mixture_fit.png>
Package pdftex.def Info: ../figures/mixture_fit.png  used on input line 281.
(pdftex.def)             Requested size: 455.24411pt x 449.27281pt.
 [9pdfTeX warning (ext4): destination with the same identifier (name{figure.14}
) has been already used, duplicate ignored
<argument> ...shipout:D \box_use:N \l_shipout_box 
                                                  \__shipout_drop_firstpage_...
l.284 
      pdfTeX warning (ext4): destination with the same identifier (name{figure.
15}) has been already used, duplicate ignored
<argument> ...shipout:D \box_use:N \l_shipout_box 
                                                  \__shipout_drop_firstpage_...
l.284 
       <../figures/dt_hist_zoomed.png> <../figures/peak_fit.png>]
<../figures/race_proba_nb.png, id=795, 1004.553pt x 353.1594pt>
File: ../figures/race_proba_nb.png Graphic file (type png)
<use ../figures/race_proba_nb.png>
Package pdftex.def Info: ../figures/race_proba_nb.png  used on input line 308.
(pdftex.def)             Requested size: 455.24411pt x 160.0465pt.
 [10pdfTeX warning (ext4): destination with the same identifier (name{figure.16
}) has been already used, duplicate ignored
<argument> ...shipout:D \box_use:N \l_shipout_box 
                                                  \__shipout_drop_firstpage_...
l.311 
       <../figures/mixture_fit.png>]
<../figures/tail_fit.png, id=806, 1004.553pt x 353.1594pt>
File: ../figures/tail_fit.png Graphic file (type png)
<use ../figures/tail_fit.png>
Package pdftex.def Info: ../figures/tail_fit.png  used on input line 336.
(pdftex.def)             Requested size: 455.24411pt x 160.0465pt.
 [11pdfTeX warning (ext4): destination with the same identifier (name{figure.17
}) has been already used, duplicate ignored
<argument> ...shipout:D \box_use:N \l_shipout_box 
                                                  \__shipout_drop_firstpage_...
l.343 
      pdfTeX warning (ext4): destination with the same identifier (name{figure.
18}) has been already used, duplicate ignored
<argument> ...shipout:D \box_use:N \l_shipout_box 
                                                  \__shipout_drop_firstpage_...
l.343 
       <../figures/race_proba_nb.png> <../figures/tail_fit.png>]
<figures/alpha_decay.pdf, id=815, 947.3173pt x 283.06126pt>
File: figures/alpha_decay.pdf Graphic file (type pdf)
<use figures/alpha_decay.pdf>
Package pdftex.def Info: figures/alpha_decay.pdf  used on input line 352.
(pdftex.def)             Requested size: 364.19667pt x 108.82126pt.
 [12pdfTeX warning (ext4): destination with the same identifier (name{figure.19
}) has been already used, duplicate ignored
<argument> ...shipout:D \box_use:N \l_shipout_box 
                                                  \__shipout_drop_firstpage_...
l.356 \end{document}
                     <./figures/alpha_decay.pdf>] (./qr_report.aux)
Package rerunfilecheck Info: File `qr_report.out' has not changed.
(rerunfilecheck)             Checksum: 9C909EE78E31A5001C0B0D2C0CC14103;2124.
 ) 
Here is how much of TeX's memory you used:
 10621 strings out of 478519
 157239 string characters out of 5847947
 473182 words of memory out of 5000000
 28339 multiletter control sequences out of 15000+600000
 417586 words of font info for 62 fonts, out of 8000000 for 9000
 1141 hyphenation exceptions out of 8191
 60i,9n,66p,423b,388s stack positions out of 5000i,500n,10000p,200000b,80000s
{/home2/modules/texlive/2021/texmf-dist/fonts/enc/dvips/cm-super/cm-super-t1.
enc}{/home2/modules/texlive/2021/texmf-dist/fonts/enc/dvips/cm-super/cm-super-t
s1.enc}</home2/modules/texlive/2021/texmf-dist/fonts/type1/public/amsfonts/cm/c
mex10.pfb></home2/modules/texlive/2021/texmf-dist/fonts/type1/public/amsfonts/c
m/cmmi10.pfb></home2/modules/texlive/2021/texmf-dist/fonts/type1/public/amsfont
s/cm/cmmi6.pfb></home2/modules/texlive/2021/texmf-dist/fonts/type1/public/amsfo
nts/cm/cmmi8.pfb></home2/modules/texlive/2021/texmf-dist/fonts/type1/public/ams
fonts/cm/cmr10.pfb></home2/modules/texlive/2021/texmf-dist/fonts/type1/public/a
msfonts/cm/cmr6.pfb></home2/modules/texlive/2021/texmf-dist/fonts/type1/public/
amsfonts/cm/cmr8.pfb></home2/modules/texlive/2021/texmf-dist/fonts/type1/public
/amsfonts/cm/cmsy10.pfb></home2/modules/texlive/2021/texmf-dist/fonts/type1/pub
lic/amsfonts/cm/cmsy6.pfb></home2/modules/texlive/2021/texmf-dist/fonts/type1/p
ublic/amsfonts/cm/cmsy8.pfb></home2/modules/texlive/2021/texmf-dist/fonts/type1
/public/amsfonts/symbols/msbm10.pfb></home2/modules/texlive/2021/texmf-dist/fon
ts/type1/public/cm-super/sfbx1095.pfb></home2/modules/texlive/2021/texmf-dist/f
onts/type1/public/cm-super/sfbx1200.pfb></home2/modules/texlive/2021/texmf-dist
/fonts/type1/public/cm-super/sfbx1440.pfb></home2/modules/texlive/2021/texmf-di
st/fonts/type1/public/cm-super/sfrm0800.pfb></home2/modules/texlive/2021/texmf-
dist/fonts/type1/public/cm-super/sfrm1095.pfb></home2/modules/texlive/2021/texm
f-dist/fonts/type1/public/cm-super/sfrm1728.pfb></home2/modules/texlive/2021/te
xmf-dist/fonts/type1/public/cm-super/sfti1095.pfb>
Output written on qr_report.pdf (12 pages, 5012283 bytes).
PDF statistics:
 978 PDF objects out of 1000 (max. 8388607)
 331 compressed objects within 4 object streams
 71 named destinations out of 1000 (max. 500000)
 216 words of extra memory for PDF output out of 10000 (max. 10000000)

